<?xml version="1.0" encoding="UTF-8"?>
<testsuite name="ru.stqa.pft.sandbox.PrimeTests" tests="2" skipped="0" failures="0" errors="0" timestamp="2019-02-03T16:16:09" hostname="DESKTOP-DL8S447" time="0.008">
  <properties/>
  <testcase name="testNonPrime" classname="ru.stqa.pft.sandbox.PrimeTests" time="0.006"/>
  <testcase name="testPrime" classname="ru.stqa.pft.sandbox.PrimeTests" time="0.001"/>
  <system-out><![CDATA[]]></system-out>
  <system-err><![CDATA[]]></system-err>
</testsuite>
